<?xml version="1.0" encoding="UTF-8"?>
<!-- Generated by org.testng.reporters.JUnitXMLReporter -->
<testsuite hostname="DESKTOP-Q31O9MO" ignored="0" name="Test" tests="7" failures="0" timestamp="27 Nov 2022 12:02:54 GMT" time="185.168" errors="0">
  <testcase name="verifyErrorMessages" time="3.21" classname="com.jupitertoys.tests.ContactPagetests"/>
  <testcase name="submitForm" time="12.188" classname="com.jupitertoys.tests.ContactPagetests"/>
  <testcase name="submitForm" time="12.135" classname="com.jupitertoys.tests.ContactPagetests"/>
  <testcase name="submitForm" time="12.762" classname="com.jupitertoys.tests.ContactPagetests"/>
  <testcase name="submitForm" time="13.518" classname="com.jupitertoys.tests.ContactPagetests"/>
  <testcase name="submitForm" time="14.408" classname="com.jupitertoys.tests.ContactPagetests"/>
  <testcase name="verifyTotalOfProducts" time="25.357" classname="com.jupitertoys.tests.ShoppingTests"/>
</testsuite> <!-- Test -->
